<?xml version="1.0" encoding="UTF-8"?>
<testng-results ignored="0" total="1" passed="1" failed="0" skipped="0">
  <reporter-output>
  </reporter-output>
  <suite started-at="2021-12-15T19:24:56 IST" name="Default suite" finished-at="2021-12-15T19:25:57 IST" duration-ms="61666">
    <groups>
    </groups>
    <test started-at="2021-12-15T19:24:56 IST" name="Default test" finished-at="2021-12-15T19:25:57 IST" duration-ms="61666">
      <class name="Automation.Automation">
        <test-method signature="SetUp()[pri:0, instance:Automation.Automation@140c9f39]" started-at="2021-12-15T19:24:56 IST" name="SetUp" finished-at="2021-12-15T19:25:57 IST" duration-ms="61629" status="PASS">
          <reporter-output>
          </reporter-output>
        </test-method> <!-- SetUp -->
      </class> <!-- Automation.Automation -->
    </test> <!-- Default test -->
  </suite> <!-- Default suite -->
</testng-results>
